**********************
Windows PowerShell transcript start
Start time: 20170828020111
Username: HQ\jinxu
RunAs User: HQ\jinxu
Machine: CPH-WKS-0019 (Microsoft Windows NT 10.0.15063.0)
Host Application: powershell -encodedCommand IAAuAFwAXwByAHUAbgBLAHUAbgBhAGkAQgBhAGMAawBlAG4AZAAuAHAAcwAxACAALQBsAG8AZwBmAGkAbABlACAAQgBhAGMAawBlAG4AZAAyADAAMQA3ADAAOAAyADgAMAAyADAAMAAwADIALgBsAG8AZwAgAA== -inputFormat xml -outputFormat text
Process ID: 18508
PSVersion: 5.1.15063.502
PSEdition: Desktop
PSCompatibleVersions: 1.0, 2.0, 3.0, 4.0, 5.0, 5.1.15063.502
BuildVersion: 10.0.15063.502
CLRVersion: 4.0.30319.42000
WSManStackVersion: 3.0
PSRemotingProtocolVersion: 2.3
SerializationVersion: 1.1.0.1
**********************
Transcript started, output file is C:\Users\jinxu\Documents\GitHub\kunai\test\Log\Backend20170828020002.log
Creating network "docker_default" with the default driver
Building katana_mysql
Step 1/6 : FROM mysql:5.5
 ---> 157f9c7bf6c6
Step 2/6 : ENV MYSQL_DATABASE katana-dev
 ---> Running in 1f8b757a25fa
 ---> 2a0f8fcb532b
Removing intermediate container 1f8b757a25fa
Step 3/6 : ENV MYSQL_USER myuser
 ---> Running in 2d5fc5ba85d0
 ---> 42a6f8fef1f5
Removing intermediate container 2d5fc5ba85d0
Step 4/6 : ENV MYSQL_PASSWORD mypassword
 ---> Running in 2e875c7b79ef
 ---> e89a0feb2e0b
Removing intermediate container 2e875c7b79ef
Step 5/6 : ENV MYSQL_ROOT_PASSWORD mypassword
 ---> Running in 5a0d7c7c44af
 ---> 456ec9748f41
Removing intermediate container 5a0d7c7c44af
Step 6/6 : EXPOSE 3306
 ---> Running in 4dbde2b8380b
 ---> 795a1db35133
Removing intermediate container 4dbde2b8380b
Successfully built 795a1db35133
Successfully tagged docker_katana_mysql:latest
WARNING: Image for service katana_mysql was built because it did not already exist. To rebuild this image you must use `doc
ker-compose build` or `docker-compose up --build`.
Building fileserver_server
Step 1/4 : FROM mono:onbuild
# Executing 4 build triggers...
Step 1/1 : COPY . /usr/src/app/source
Step 1/1 : RUN nuget restore -NonInteractive
 ---> Running in 147292b5474f
Added file 'NuGet.Config' to folder '/root/.config/NuGet'.
Installing 'Serilog.Sinks.RollingFile 3.2.0'.
Installing 'Newtonsoft.Json 9.0.1'.
Installing 'Destructurama.Attributed 1.0.2'.
Installing 'Serilog.Sinks.Literate 2.0.0'.
Installing 'Serilog 2.3.0'.
Installing 'Serilog.Extras.Attributed 2.0.0'.
Installing 'Serilog.Sinks.File 3.1.0'.
Added file 'Serilog.Extras.Attributed.2.0.0.nupkg' to folder 'Serilog.Extras.Attributed.2.0.0'.
WARNING: 'Serilog.Extras.Attributed.2.0.0/Serilog.Extras.Attributed.2.0.0.nupkg' already exists. Skipping...
Successfully installed 'Serilog.Extras.Attributed 2.0.0'.
Added file 'Destructurama.Attributed.dll' to folder '/usr/src/app/source/packages/Destructurama.Attributed.1.0.2/lib/portab
le-net45+win+wp80'.
Added file 'Destructurama.Attributed.xml' to folder '/usr/src/app/source/packages/Destructurama.Attributed.1.0.2/lib/portab
le-net45+win+wp80'.
Added file 'Destructurama.Attributed.1.0.2.nupkg' to folder 'Destructurama.Attributed.1.0.2'.
WARNING: 'Destructurama.Attributed.1.0.2/Destructurama.Attributed.1.0.2.nupkg' already exists. Skipping...
Successfully installed 'Destructurama.Attributed 1.0.2'.
Added file 'Serilog.Sinks.Literate.dll' to folder '/usr/src/app/source/packages/Serilog.Sinks.Literate.2.0.0/lib/net45'.
Added file 'Serilog.Sinks.Literate.xml' to folder '/usr/src/app/source/packages/Serilog.Sinks.Literate.2.0.0/lib/net45'.
Added file 'Serilog.Sinks.RollingFile.dll' to folder '/usr/src/app/source/packages/Serilog.Sinks.RollingFile.3.2.0/lib/net4
5'.
Added file 'Serilog.Sinks.RollingFile.xml' to folder '/usr/src/app/source/packages/Serilog.Sinks.RollingFile.3.2.0/lib/net4
5'.
Added file 'Serilog.Sinks.RollingFile.dll' to folder '/usr/src/app/source/packages/Serilog.Sinks.RollingFile.3.2.0/lib/nets
tandard1.3'.
Added file 'Serilog.Sinks.RollingFile.xml' to folder '/usr/src/app/source/packages/Serilog.Sinks.RollingFile.3.2.0/lib/nets
tandard1.3'.
Added file 'Serilog.Sinks.Literate.dll' to folder '/usr/src/app/source/packages/Serilog.Sinks.Literate.2.0.0/lib/netstandar
d1.3'.
Added file 'Serilog.Sinks.Literate.xml' to folder '/usr/src/app/source/packages/Serilog.Sinks.Literate.2.0.0/lib/netstandar
d1.3'.
Added file 'Serilog.Sinks.Literate.2.0.0.nupkg' to folder 'Serilog.Sinks.Literate.2.0.0'.
Added file 'Serilog.Sinks.RollingFile.3.2.0.nupkg' to folder 'Serilog.Sinks.RollingFile.3.2.0'.
WARNING: 'Serilog.Sinks.RollingFile.3.2.0/Serilog.Sinks.RollingFile.3.2.0.nupkg' already exists. Skipping...
Successfully installed 'Serilog.Sinks.RollingFile 3.2.0'.
WARNING: 'Serilog.Sinks.Literate.2.0.0/Serilog.Sinks.Literate.2.0.0.nupkg' already exists. Skipping...
Successfully installed 'Serilog.Sinks.Literate 2.0.0'.
Added file 'Serilog.dll' to folder '/usr/src/app/source/packages/Serilog.2.3.0/lib/net45'.
Added file 'Serilog.xml' to folder '/usr/src/app/source/packages/Serilog.2.3.0/lib/net45'.
Added file 'Serilog.dll' to folder '/usr/src/app/source/packages/Serilog.2.3.0/lib/net46'.
Added file 'Serilog.xml' to folder '/usr/src/app/source/packages/Serilog.2.3.0/lib/net46'.
Added file 'Serilog.dll' to folder '/usr/src/app/source/packages/Serilog.2.3.0/lib/netstandard1.0'.
Added file 'Serilog.xml' to folder '/usr/src/app/source/packages/Serilog.2.3.0/lib/netstandard1.0'.
Added file 'Serilog.dll' to folder '/usr/src/app/source/packages/Serilog.2.3.0/lib/netstandard1.3'.
Added file 'Serilog.xml' to folder '/usr/src/app/source/packages/Serilog.2.3.0/lib/netstandard1.3'.
Added file 'Serilog.2.3.0.nupkg' to folder 'Serilog.2.3.0'.
WARNING: 'Serilog.2.3.0/Serilog.2.3.0.nupkg' already exists. Skipping...
Successfully installed 'Serilog 2.3.0'.
Added file 'Newtonsoft.Json.dll' to folder '/usr/src/app/source/packages/Newtonsoft.Json.9.0.1/lib/net20'.
Added file 'Newtonsoft.Json.xml' to folder '/usr/src/app/source/packages/Newtonsoft.Json.9.0.1/lib/net20'.
Added file 'Newtonsoft.Json.dll' to folder '/usr/src/app/source/packages/Newtonsoft.Json.9.0.1/lib/net35'.
Added file 'Newtonsoft.Json.xml' to folder '/usr/src/app/source/packages/Newtonsoft.Json.9.0.1/lib/net35'.
Added file 'Newtonsoft.Json.dll' to folder '/usr/src/app/source/packages/Newtonsoft.Json.9.0.1/lib/net40'.
Added file 'Newtonsoft.Json.xml' to folder '/usr/src/app/source/packages/Newtonsoft.Json.9.0.1/lib/net40'.
Added file 'Newtonsoft.Json.dll' to folder '/usr/src/app/source/packages/Newtonsoft.Json.9.0.1/lib/net45'.
Added file 'Newtonsoft.Json.xml' to folder '/usr/src/app/source/packages/Newtonsoft.Json.9.0.1/lib/net45'.
Added file 'Newtonsoft.Json.dll' to folder '/usr/src/app/source/packages/Newtonsoft.Json.9.0.1/lib/netstandard1.0'.
Added file 'Newtonsoft.Json.xml' to folder '/usr/src/app/source/packages/Newtonsoft.Json.9.0.1/lib/netstandard1.0'.
Added file 'Newtonsoft.Json.dll' to folder '/usr/src/app/source/packages/Newtonsoft.Json.9.0.1/lib/portable-net40+sl5+wp80+
win8+wpa81'.
Added file 'Newtonsoft.Json.xml' to folder '/usr/src/app/source/packages/Newtonsoft.Json.9.0.1/lib/portable-net40+sl5+wp80+
win8+wpa81'.
Added file 'Newtonsoft.Json.dll' to folder '/usr/src/app/source/packages/Newtonsoft.Json.9.0.1/lib/portable-net45+wp80+win8
+wpa81'.
Added file 'Newtonsoft.Json.xml' to folder '/usr/src/app/source/packages/Newtonsoft.Json.9.0.1/lib/portable-net45+wp80+win8
+wpa81'.
Added file 'install.ps1' to folder '/usr/src/app/source/packages/Newtonsoft.Json.9.0.1/tools'.
Added file 'Newtonsoft.Json.9.0.1.nupkg' to folder 'Newtonsoft.Json.9.0.1'.
WARNING: 'Newtonsoft.Json.9.0.1/Newtonsoft.Json.9.0.1.nupkg' already exists. Skipping...
Successfully installed 'Newtonsoft.Json 9.0.1'.
Added file 'Serilog.Sinks.File.dll' to folder '/usr/src/app/source/packages/Serilog.Sinks.File.3.1.0/lib/net45'.
Added file 'Serilog.Sinks.File.xml' to folder '/usr/src/app/source/packages/Serilog.Sinks.File.3.1.0/lib/net45'.
Added file 'Serilog.Sinks.File.dll' to folder '/usr/src/app/source/packages/Serilog.Sinks.File.3.1.0/lib/netstandard1.3'.
Added file 'Serilog.Sinks.File.xml' to folder '/usr/src/app/source/packages/Serilog.Sinks.File.3.1.0/lib/netstandard1.3'.
Added file 'Serilog.Sinks.File.3.1.0.nupkg' to folder 'Serilog.Sinks.File.3.1.0'.
WARNING: 'Serilog.Sinks.File.3.1.0/Serilog.Sinks.File.3.1.0.nupkg' already exists. Skipping...
Successfully installed 'Serilog.Sinks.File 3.1.0'.
Step 1/1 : RUN xbuild /property:Configuration=Release /property:OutDir=/usr/src/app/build/
 ---> Running in fdc27234e041
XBuild Engine Version 14.0
Mono, Version 4.8.0.0
Copyright (C) 2005-2013 Various Mono authors

Build started 08/28/2017 00:01:29.
__________________________________________________
Project "/usr/src/app/source/FileServer.sln" (default target(s)):
        Target ValidateSolutionConfiguration:
                Building solution configuration "Release|Any CPU".
        Target Build:
                Project "/usr/src/app/source/FileServer.Core/FileServer.Core.csproj" (default target(s)):
                        Target PrepareForBuild:
                                Configuration: Release Platform: AnyCPU
                                Created directory "obj/Release/"
                        Target CopyFilesMarkedCopyLocal:
                                Copying file from '/usr/src/app/source/packages/Destructurama.Attributed.1.0.2/lib/portable
-net45+win+wp80/Destructurama.Attributed.dll' to '/usr/src/app/build/Destructurama.Attributed.dll'
                                Copying file from '/usr/src/app/source/packages/Newtonsoft.Json.9.0.1/lib/net45/Newtonsoft.
Json.dll' to '/usr/src/app/build/Newtonsoft.Json.dll'
                                Copying file from '/usr/src/app/source/packages/Serilog.2.3.0/lib/net45/Serilog.dll' to '/u
sr/src/app/build/Serilog.dll'
                                Copying file from '/usr/src/app/source/packages/Serilog.Sinks.File.3.1.0/lib/net45/Serilog.
Sinks.File.dll' to '/usr/src/app/build/Serilog.Sinks.File.dll'
                                Copying file from '/usr/src/app/source/packages/Serilog.Sinks.Literate.2.0.0/lib/net45/Seri
log.Sinks.Literate.dll' to '/usr/src/app/build/Serilog.Sinks.Literate.dll'
                                Copying file from '/usr/src/app/source/packages/Serilog.Sinks.RollingFile.3.2.0/lib/net45/S
erilog.Sinks.RollingFile.dll' to '/usr/src/app/build/Serilog.Sinks.RollingFile.dll'
                        Target GenerateSatelliteAssemblies:
                        No input files were specified for target GenerateSatelliteAssemblies, skipping.
                        Target CoreCompile:
                                Tool /usr/lib/mono/4.5/mcs.exe execution started with arguments: /noconfig /debug:pdbonly /
optimize+ /out:obj/Release/FileServer.Core.dll Algorithms/CipherInfo.cs Algorithms/CipherModeEx.cs Algorithms/CompressionAl
gorithm.cs Algorithms/CompressionAlgorithmContract.cs Algorithms/CtrModeCryptoTransform.cs Algorithms/DiffieHellman.cs Algo
rithms/DiffieHellmanGroupSha1.cs Algorithms/DssKey.cs Algorithms/EncryptionAlgorithm.cs Algorithms/HmacAlgorithm.cs Algorit
hms/HmacInfo.cs Algorithms/KexAlgorithm.cs Algorithms/KexAlgorithmContract.cs Algorithms/NoCompression.cs Algorithms/Public
KeyAlgorithm.cs Algorithms/PublicKeyAlgorithmContract.cs Algorithms/RsaKey.cs ChannelOpenFailureReason.cs CommandParser.cs
DisconnectReason.cs FileServer.cs Files/PathInfo.cs Files/FileStore.cs Files/FileInfo.cs Files/SinkStream.cs Http/HttpByteR
ange.cs Http/HttpRequestHandler.cs Http/HttpServer.cs KeyUtils.cs Logging/LoggerFactory.cs Messages/ConnectionServiceMessag
e.cs Messages/Connection/ChannelCloseMessage.cs Messages/Connection/ChannelDataMessage.cs Messages/Connection/ChannelEofMes
sage.cs Messages/Connection/ChannelFailureMessage.cs Messages/Connection/ChannelOpenConfirmationMessage.cs Messages/Connect
ion/ChannelOpenFailureMessage.cs Messages/Connection/ChannelOpenMessage.cs Messages/Connection/ChannelRequestMessage.cs Mes
sages/Connection/ChannelSuccessMessage.cs Messages/Connection/ChannelWindowAdjustMessage.cs Messages/Connection/CommandRequ
estMessage.cs Messages/Connection/ExitStatusMessage.cs Messages/Connection/SessionOpenConfirmationMessage.cs Messages/Conne
ction/SessionOpenMessage.cs Messages/DisconnectMessage.cs Messages/KeyExchangeDhInitMessage.cs Messages/KeyExchangeDhReplyM
essage.cs Messages/KeyExchangeInitMessage.cs Messages/Message.cs Messages/MessageAttribute.cs Messages/NewKeysMessage.cs Me
ssages/ServiceAcceptMessage.cs Messages/ServiceRequestMessage.cs Messages/UnimplementedMessage.cs Messages/Userauth/Failure
Message.cs Messages/Userauth/PublicKeyOkMessage.cs Messages/Userauth/PublicKeyRequestMessage.cs Messages/Userauth/RequestMe
ssage.cs Messages/Userauth/SuccessMessage.cs Messages/UserauthServiceMessage.cs Properties/AssemblyInfo.cs Services/Channel
.cs Services/ConnectionService.cs Services/SessionChannel.cs Services/SessionRequestedArgs.cs Services/SshService.cs Servic
es/UserauthArgs.cs Services/UserauthService.cs Session.cs SFTP/Attrs.cs SFTP/HandleStore.cs SFTP/Messages/CloseMessage.cs S
FTP/Messages/MkDirMessage.cs SFTP/Messages/SymLinkMessage.cs SFTP/Messages/SetStatMessage.cs SFTP/Messages/FStatMessage.cs
SFTP/Messages/LStatMessage.cs SFTP/Messages/DataMessage.cs SFTP/Messages/ReadDirMessage.cs SFTP/Messages/OpenDirMessage.cs
SFTP/Messages/WriteMessage.cs SFTP/Messages/ReadMessage.cs SFTP/Messages/OpenMessage.cs SFTP/Messages/HandleMessage.cs SFTP
/Messages/StatusMessage.cs SFTP/Messages/AttrsMessage.cs SFTP/Messages/StatMessage.cs SFTP/Messages/NameMessage.cs SFTP/Mes
sages/RealPathMessage.cs SFTP/SFTPHandler.cs SFTP/Messages/VersionMessage.cs SFTP/Messages/InitMessage.cs SFTP/Messages/SFT
PMessage.cs SFTP/Messages/SFTPMessageAttribute.cs ShellCommandExecutor.cs SshConnectionException.cs SshDataWorker.cs SshSer
ver.cs StartingInfo.cs obj/Release/.NETFramework,Version=v4.5.1.AssemblyAttribute.cs /target:library /define:TRACE /nostdli
b /platform:AnyCPU /reference:../packages/Destructurama.Attributed.1.0.2/lib/portable-net45+win+wp80/Destructurama.Attribut
ed.dll /reference:../packages/Newtonsoft.Json.9.0.1/lib/net45/Newtonsoft.Json.dll /reference:../packages/Serilog.2.3.0/lib/
net45/Serilog.dll /reference:../packages/Serilog.Sinks.File.3.1.0/lib/net45/Serilog.Sinks.File.dll /reference:../packages/S
erilog.Sinks.Literate.2.0.0/lib/net45/Serilog.Sinks.Literate.dll /reference:../packages/Serilog.Sinks.RollingFile.3.2.0/lib
/net45/Serilog.Sinks.RollingFile.dll /reference:/usr/lib/mono/4.5-api/System.dll /reference:/usr/lib/mono/4.5-api/Microsoft
.CSharp.dll /reference:/usr/lib/mono/4.5-api/System.Numerics.dll /reference:/usr/lib/mono/4.5-api/System.Core.dll /referenc
e:/usr/lib/mono/4.5-api//mscorlib.dll /reference:/usr/lib/mono/4.5-api/Facades/System.Collections.Concurrent.dll /reference
:/usr/lib/mono/4.5-api/Facades/System.Collections.dll /reference:/usr/lib/mono/4.5-api/Facades/System.ComponentModel.Annota
tions.dll /reference:/usr/lib/mono/4.5-api/Facades/System.ComponentModel.EventBasedAsync.dll /reference:/usr/lib/mono/4.5-a
pi/Facades/System.ComponentModel.dll /reference:/usr/lib/mono/4.5-api/Facades/System.Diagnostics.Contracts.dll /reference:/
usr/lib/mono/4.5-api/Facades/System.Diagnostics.Debug.dll /reference:/usr/lib/mono/4.5-api/Facades/System.Diagnostics.Tools
.dll /reference:/usr/lib/mono/4.5-api/Facades/System.Diagnostics.Tracing.dll /reference:/usr/lib/mono/4.5-api/Facades/Syste
m.Dynamic.Runtime.dll /reference:/usr/lib/mono/4.5-api/Facades/System.Globalization.dll /reference:/usr/lib/mono/4.5-api/Fa
cades/System.IO.dll /reference:/usr/lib/mono/4.5-api/Facades/System.Linq.Expressions.dll /reference:/usr/lib/mono/4.5-api/F
acades/System.Linq.Parallel.dll /reference:/usr/lib/mono/4.5-api/Facades/System.Linq.Queryable.dll /reference:/usr/lib/mono
/4.5-api/Facades/System.Linq.dll /reference:/usr/lib/mono/4.5-api/Facades/System.Net.NetworkInformation.dll /reference:/usr
/lib/mono/4.5-api/Facades/System.Net.Primitives.dll /reference:/usr/lib/mono/4.5-api/Facades/System.Net.Requests.dll /refer
ence:/usr/lib/mono/4.5-api/Facades/System.ObjectModel.dll /reference:/usr/lib/mono/4.5-api/Facades/System.Reflection.Emit.I
LGeneration.dll /reference:/usr/lib/mono/4.5-api/Facades/System.Reflection.Emit.Lightweight.dll /reference:/usr/lib/mono/4.
5-api/Facades/System.Reflection.Emit.dll /reference:/usr/lib/mono/4.5-api/Facades/System.Reflection.Extensions.dll /referen
ce:/usr/lib/mono/4.5-api/Facades/System.Reflection.Primitives.dll /reference:/usr/lib/mono/4.5-api/Facades/System.Reflectio
n.dll /reference:/usr/lib/mono/4.5-api/Facades/System.Resources.ResourceManager.dll /reference:/usr/lib/mono/4.5-api/Facade
s/System.Runtime.Extensions.dll /reference:/usr/lib/mono/4.5-api/Facades/System.Runtime.InteropServices.WindowsRuntime.dll
/reference:/usr/lib/mono/4.5-api/Facades/System.Runtime.InteropServices.dll /reference:/usr/lib/mono/4.5-api/Facades/System
.Runtime.Numerics.dll /reference:/usr/lib/mono/4.5-api/Facades/System.Runtime.Serialization.Json.dll /reference:/usr/lib/mo
no/4.5-api/Facades/System.Runtime.Serialization.Primitives.dll /reference:/usr/lib/mono/4.5-api/Facades/System.Runtime.Seri
alization.Xml.dll /reference:/usr/lib/mono/4.5-api/Facades/System.Runtime.dll /reference:/usr/lib/mono/4.5-api/Facades/Syst
em.Security.Principal.dll /reference:/usr/lib/mono/4.5-api/Facades/System.ServiceModel.Duplex.dll /reference:/usr/lib/mono/
4.5-api/Facades/System.ServiceModel.Http.dll /reference:/usr/lib/mono/4.5-api/Facades/System.ServiceModel.NetTcp.dll /refer
ence:/usr/lib/mono/4.5-api/Facades/System.ServiceModel.Primitives.dll /reference:/usr/lib/mono/4.5-api/Facades/System.Servi
ceModel.Security.dll /reference:/usr/lib/mono/4.5-api/Facades/System.Text.Encoding.Extensions.dll /reference:/usr/lib/mono/
4.5-api/Facades/System.Text.Encoding.dll /reference:/usr/lib/mono/4.5-api/Facades/System.Text.RegularExpressions.dll /refer
ence:/usr/lib/mono/4.5-api/Facades/System.Threading.Tasks.Parallel.dll /reference:/usr/lib/mono/4.5-api/Facades/System.Thre
ading.Tasks.dll /reference:/usr/lib/mono/4.5-api/Facades/System.Threading.Timer.dll /reference:/usr/lib/mono/4.5-api/Facade
s/System.Threading.dll /reference:/usr/lib/mono/4.5-api/Facades/System.Xml.ReaderWriter.dll /reference:/usr/lib/mono/4.5-ap
i/Facades/System.Xml.XDocument.dll /reference:/usr/lib/mono/4.5-api/Facades/System.Xml.XmlSerializer.dll /warn:4
SshDataWorker.cs(173,17): warning CS0219: The variable `bytesRead' is assigned but its value is never used
SFTP/Messages/WriteMessage.cs(167,28): warning CS0649: Field `FileServer.Core.SFTP.Messages.IncommingDataLogger._lastTotalD
ata' is never assigned to, and will always have its default value `0'
CSC:  warning CS1701: Assuming assembly reference `Serilog, Version=1.4.0.0, Culture=neutral, PublicKeyToken=24c2f752a8e58a
10' matches assembly `Serilog, Version=2.0.0.0, Culture=neutral, PublicKeyToken=24c2f752a8e58a10'. You may need to supply r
untime policy
                        Target _CopyAppConfigFile:
                                Copying file from '/usr/src/app/source/FileServer.Core/App.config' to '/usr/src/app/build/F
ileServer.Core.dll.config'
                        Target DeployOutputFiles:
                                Copying file from '/usr/src/app/source/FileServer.Core/obj/Release/FileServer.Core.dll.mdb'
 to '/usr/src/app/build/FileServer.Core.dll.mdb'
                                Copying file from '/usr/src/app/source/FileServer.Core/obj/Release/FileServer.Core.dll' to
'/usr/src/app/build/FileServer.Core.dll'
                Done building project "/usr/src/app/source/FileServer.Core/FileServer.Core.csproj".
                Project "/usr/src/app/source/FileServer.Console/FileServer.Console.csproj" (default target(s)):
                        Target PrepareForBuild:
                                Configuration: Release Platform: AnyCPU
                                Created directory "obj/Release/"
                        Target GenerateSatelliteAssemblies:
                        No input files were specified for target GenerateSatelliteAssemblies, skipping.
                        Target CoreCompile:
                                Tool /usr/lib/mono/4.5/mcs.exe execution started with arguments: /noconfig /debug:pdbonly /
optimize+ /out:obj/Release/FileServer.Console.exe Program.cs Properties/AssemblyInfo.cs obj/Release/.NETFramework,Version=v
4.5.1.AssemblyAttribute.cs /target:exe /define:TRACE /nostdlib /platform:AnyCPU /reference:../packages/Serilog.2.3.0/lib/ne
t45/Serilog.dll /reference:../packages/Serilog.Sinks.File.3.1.0/lib/net45/Serilog.Sinks.File.dll /reference:../packages/Ser
ilog.Sinks.Literate.2.0.0/lib/net45/Serilog.Sinks.Literate.dll /reference:../packages/Serilog.Sinks.RollingFile.3.2.0/lib/n
et45/Serilog.Sinks.RollingFile.dll /reference:/usr/lib/mono/4.5-api/System.dll /reference:/usr/lib/mono/4.5-api/Microsoft.C
Sharp.dll /reference:/usr/lib/mono/4.5-api/System.Core.dll /reference:/usr/src/app/build//FileServer.Core.dll /reference:/u
sr/lib/mono/4.5-api//mscorlib.dll /reference:/usr/lib/mono/4.5-api/Facades/System.Collections.Concurrent.dll /reference:/us
r/lib/mono/4.5-api/Facades/System.Collections.dll /reference:/usr/lib/mono/4.5-api/Facades/System.ComponentModel.Annotation
s.dll /reference:/usr/lib/mono/4.5-api/Facades/System.ComponentModel.EventBasedAsync.dll /reference:/usr/lib/mono/4.5-api/F
acades/System.ComponentModel.dll /reference:/usr/lib/mono/4.5-api/Facades/System.Diagnostics.Contracts.dll /reference:/usr/
lib/mono/4.5-api/Facades/System.Diagnostics.Debug.dll /reference:/usr/lib/mono/4.5-api/Facades/System.Diagnostics.Tools.dll
 /reference:/usr/lib/mono/4.5-api/Facades/System.Diagnostics.Tracing.dll /reference:/usr/lib/mono/4.5-api/Facades/System.Dy
namic.Runtime.dll /reference:/usr/lib/mono/4.5-api/Facades/System.Globalization.dll /reference:/usr/lib/mono/4.5-api/Facade
s/System.IO.dll /reference:/usr/lib/mono/4.5-api/Facades/System.Linq.Expressions.dll /reference:/usr/lib/mono/4.5-api/Facad
es/System.Linq.Parallel.dll /reference:/usr/lib/mono/4.5-api/Facades/System.Linq.Queryable.dll /reference:/usr/lib/mono/4.5
-api/Facades/System.Linq.dll /reference:/usr/lib/mono/4.5-api/Facades/System.Net.NetworkInformation.dll /reference:/usr/lib
/mono/4.5-api/Facades/System.Net.Primitives.dll /reference:/usr/lib/mono/4.5-api/Facades/System.Net.Requests.dll /reference
:/usr/lib/mono/4.5-api/Facades/System.ObjectModel.dll /reference:/usr/lib/mono/4.5-api/Facades/System.Reflection.Emit.ILGen
eration.dll /reference:/usr/lib/mono/4.5-api/Facades/System.Reflection.Emit.Lightweight.dll /reference:/usr/lib/mono/4.5-ap
i/Facades/System.Reflection.Emit.dll /reference:/usr/lib/mono/4.5-api/Facades/System.Reflection.Extensions.dll /reference:/
usr/lib/mono/4.5-api/Facades/System.Reflection.Primitives.dll /reference:/usr/lib/mono/4.5-api/Facades/System.Reflection.dl
l /reference:/usr/lib/mono/4.5-api/Facades/System.Resources.ResourceManager.dll /reference:/usr/lib/mono/4.5-api/Facades/Sy
stem.Runtime.Extensions.dll /reference:/usr/lib/mono/4.5-api/Facades/System.Runtime.InteropServices.WindowsRuntime.dll /ref
erence:/usr/lib/mono/4.5-api/Facades/System.Runtime.InteropServices.dll /reference:/usr/lib/mono/4.5-api/Facades/System.Run
time.Numerics.dll /reference:/usr/lib/mono/4.5-api/Facades/System.Runtime.Serialization.Json.dll /reference:/usr/lib/mono/4
.5-api/Facades/System.Runtime.Serialization.Primitives.dll /reference:/usr/lib/mono/4.5-api/Facades/System.Runtime.Serializ
ation.Xml.dll /reference:/usr/lib/mono/4.5-api/Facades/System.Runtime.dll /reference:/usr/lib/mono/4.5-api/Facades/System.S
ecurity.Principal.dll /reference:/usr/lib/mono/4.5-api/Facades/System.ServiceModel.Duplex.dll /reference:/usr/lib/mono/4.5-
api/Facades/System.ServiceModel.Http.dll /reference:/usr/lib/mono/4.5-api/Facades/System.ServiceModel.NetTcp.dll /reference
:/usr/lib/mono/4.5-api/Facades/System.ServiceModel.Primitives.dll /reference:/usr/lib/mono/4.5-api/Facades/System.ServiceMo
del.Security.dll /reference:/usr/lib/mono/4.5-api/Facades/System.Text.Encoding.Extensions.dll /reference:/usr/lib/mono/4.5-
api/Facades/System.Text.Encoding.dll /reference:/usr/lib/mono/4.5-api/Facades/System.Text.RegularExpressions.dll /reference
:/usr/lib/mono/4.5-api/Facades/System.Threading.Tasks.Parallel.dll /reference:/usr/lib/mono/4.5-api/Facades/System.Threadin
g.Tasks.dll /reference:/usr/lib/mono/4.5-api/Facades/System.Threading.Timer.dll /reference:/usr/lib/mono/4.5-api/Facades/Sy
stem.Threading.dll /reference:/usr/lib/mono/4.5-api/Facades/System.Xml.ReaderWriter.dll /reference:/usr/lib/mono/4.5-api/Fa
cades/System.Xml.XDocument.dll /reference:/usr/lib/mono/4.5-api/Facades/System.Xml.XmlSerializer.dll /warn:4
                        Target _CopyAppConfigFile:
                                Copying file from '/usr/src/app/source/FileServer.Console/App.config' to '/usr/src/app/buil
d/FileServer.Console.exe.config'
                        Target DeployOutputFiles:
                                Copying file from '/usr/src/app/source/FileServer.Console/obj/Release/FileServer.Console.ex
e.mdb' to '/usr/src/app/build/FileServer.Console.exe.mdb'
                                Copying file from '/usr/src/app/source/FileServer.Console/obj/Release/FileServer.Console.ex
e' to '/usr/src/app/build/FileServer.Console.exe'
                Done building project "/usr/src/app/source/FileServer.Console/FileServer.Console.csproj".
Done building project "/usr/src/app/source/FileServer.sln".

Build succeeded.

Warnings:

/usr/src/app/source/FileServer.sln (default targets) ->
(Build target) ->
/usr/src/app/source/FileServer.Core/FileServer.Core.csproj (default targets) ->
/usr/lib/mono/xbuild/14.0/bin/Microsoft.CSharp.targets (CoreCompile target) ->

        SshDataWorker.cs(173,17): warning CS0219: The variable `bytesRead' is assigned but its value is never used
        SFTP/Messages/WriteMessage.cs(167,28): warning CS0649: Field `FileServer.Core.SFTP.Messages.IncommingDataLogger._la
stTotalData' is never assigned to, and will always have its default value `0'
        CSC:  warning CS1701: Assuming assembly reference `Serilog, Version=1.4.0.0, Culture=neutral, PublicKeyToken=24c2f7
52a8e58a10' matches assembly `Serilog, Version=2.0.0.0, Culture=neutral, PublicKeyToken=24c2f752a8e58a10'. You may need to
supply runtime policy

         3 Warning(s)
         0 Error(s)

Time Elapsed 00:00:01.3763750
Step 1/1 : WORKDIR /usr/src/app/build
 ---> f0955b565f8d
Removing intermediate container f5743a4441fe
Removing intermediate container 71df4875b3b5
Removing intermediate container 147292b5474f
Removing intermediate container fdc27234e041
Step 2/4 : RUN apt-get update &&     apt-get install -y python
 ---> Running in 83c2481875d7
Get:1 http://download.mono-project.com wheezy/snapshots/4.8.0.524 Release.gpg [473 B]
Get:2 http://download.mono-project.com wheezy/snapshots/4.8.0.524 Release [5336 B]
Get:3 http://download.mono-project.com wheezy/snapshots/4.8.0.524/main amd64 Packages [58.4 kB]
Get:4 http://security.debian.org wheezy/updates Release.gpg [1554 B]
Get:5 http://security.debian.org wheezy/updates Release [39.0 kB]
Get:6 http://deb.debian.org wheezy Release.gpg [2373 B]
Get:7 http://security.debian.org wheezy/updates/main amd64 Packages [702 kB]
Get:8 http://deb.debian.org wheezy-updates Release.gpg [1554 B]
Get:9 http://deb.debian.org wheezy Release [191 kB]
Get:10 http://deb.debian.org wheezy-updates Release [155 kB]
Get:11 http://deb.debian.org wheezy/main amd64 Packages [7634 kB]
Get:12 http://deb.debian.org wheezy-updates/main amd64 Packages [7481 B]
Fetched 8798 kB in 1s (4910 kB/s)
Reading package lists...
W: Conflicting distribution: http://download.mono-project.com wheezy/snapshots/4.8.0.524 Release (expected wheezy/snapshots
 but got wheezy)
Reading package lists...
Building dependency tree...
Reading state information...
The following extra packages will be installed:
  file libgpm2 libmagic1 libncursesw5 mime-support python-minimal python2.7
  python2.7-minimal
Suggested packages:
  gpm python-doc python-tk python2.7-doc
The following NEW packages will be installed:
  file libgpm2 libmagic1 libncursesw5 mime-support python python-minimal
  python2.7 python2.7-minimal
0 upgraded, 9 newly installed, 0 to remove and 23 not upgraded.
Need to get 5169 kB of archives.
After this operation, 18.4 MB of additional disk space will be used.
Get:1 http://security.debian.org/ wheezy/updates/main libmagic1 amd64 5.11-2+deb7u9 [205 kB]
Get:2 http://security.debian.org/ wheezy/updates/main file amd64 5.11-2+deb7u9 [53.5 kB]
Get:3 http://deb.debian.org/debian/ wheezy/main libncursesw5 amd64 5.9-10 [141 kB]
Get:4 http://security.debian.org/ wheezy/updates/main python2.7-minimal amd64 2.7.3-6+deb7u3 [1759 kB]
Get:5 http://deb.debian.org/debian/ wheezy/main libgpm2 amd64 1.20.4-6 [35.8 kB]
Get:6 http://deb.debian.org/debian/ wheezy/main mime-support all 3.52-1+deb7u1 [35.5 kB]
Get:7 http://security.debian.org/ wheezy/updates/main python2.7 amd64 2.7.3-6+deb7u3 [2717 kB]
Get:8 http://deb.debian.org/debian/ wheezy/main python-minimal all 2.7.3-4+deb7u1 [42.8 kB]
Get:9 http://deb.debian.org/debian/ wheezy/main python all 2.7.3-4+deb7u1 [181 kB]
debconf: delaying package configuration, since apt-utils is not installed
Fetched 5169 kB in 0s (8199 kB/s)
Selecting previously unselected package libncursesw5:amd64.
(Reading database ... 13092 files and directories currently installed.)
Unpacking libncursesw5:amd64 (from .../libncursesw5_5.9-10_amd64.deb) ...
Selecting previously unselected package libgpm2:amd64.
Unpacking libgpm2:amd64 (from .../libgpm2_1.20.4-6_amd64.deb) ...
Selecting previously unselected package libmagic1:amd64.
Unpacking libmagic1:amd64 (from .../libmagic1_5.11-2+deb7u9_amd64.deb) ...
Selecting previously unselected package file.
Unpacking file (from .../file_5.11-2+deb7u9_amd64.deb) ...
Selecting previously unselected package mime-support.
Unpacking mime-support (from .../mime-support_3.52-1+deb7u1_all.deb) ...
Selecting previously unselected package python2.7-minimal.
Unpacking python2.7-minimal (from .../python2.7-minimal_2.7.3-6+deb7u3_amd64.deb) ...
Selecting previously unselected package python2.7.
Unpacking python2.7 (from .../python2.7_2.7.3-6+deb7u3_amd64.deb) ...
Selecting previously unselected package python-minimal.
Unpacking python-minimal (from .../python-minimal_2.7.3-4+deb7u1_all.deb) ...
Selecting previously unselected package python.
Unpacking python (from .../python_2.7.3-4+deb7u1_all.deb) ...
Setting up libncursesw5:amd64 (5.9-10) ...
Setting up libgpm2:amd64 (1.20.4-6) ...
Setting up libmagic1:amd64 (5.11-2+deb7u9) ...
Setting up file (5.11-2+deb7u9) ...
Setting up mime-support (3.52-1+deb7u1) ...
update-alternatives: using /usr/bin/see to provide /usr/bin/view (view) in auto mode
Setting up python2.7-minimal (2.7.3-6+deb7u3) ...
mount: permission denied
update-binfmts: warning: Couldn't mount the binfmt_misc filesystem on /proc/sys/fs/binfmt_misc.
Linking and byte-compiling packages for runtime python2.7...
Setting up python2.7 (2.7.3-6+deb7u3) ...
Setting up python-minimal (2.7.3-4+deb7u1) ...
Setting up python (2.7.3-4+deb7u1) ...
 ---> 3a9c9732d509
Removing intermediate container 83c2481875d7
Step 3/4 : EXPOSE 4444 5000
 ---> Running in 433d8eed20c5
 ---> 4d5b6504c7ce
Removing intermediate container 433d8eed20c5
Step 4/4 : CMD mono ./FileServer.Console.exe
 ---> Running in 56ab5666cf4a
 ---> 13a49fcedd56
Removing intermediate container 56ab5666cf4a
Successfully built 13a49fcedd56
Successfully tagged docker_fileserver_server:latest
WARNING: Image for service fileserver_server was built because it did not already exist. To rebuild this image you must use
 `docker-compose build` or `docker-compose up --build`.
Building fileserver_proxy
Step 1/5 : FROM nginx
 ---> 46102226f2fd
Step 2/5 : COPY nginx.conf /etc/nginx/nginx.conf.template
 ---> 8fe31216cb13
Removing intermediate container 5297b1ee01f9
Step 3/5 : COPY ./ssl /etc/nginx/ssl
 ---> 39330365cbe4
Removing intermediate container 236ece2bd6eb
Step 4/5 : RUN chmod 700 /etc/nginx/ssl
 ---> Running in af6f88c78d3c
 ---> 287c20e20389
Removing intermediate container af6f88c78d3c
Step 5/5 : RUN chmod 600 /etc/nginx/ssl/*
 ---> Running in 356c5182c8fa
 ---> 76f26d4c4b6a
Removing intermediate container 356c5182c8fa
Successfully built 76f26d4c4b6a
Successfully tagged docker_fileserver_proxy:latest
WARNING: Image for service fileserver_proxy was built because it did not already exist. To rebuild this image you must use
`docker-compose build` or `docker-compose up --build`.
Building server
Step 1/17 : FROM microsoft/dotnet:2.0.0-sdk
 ---> 4f778d7d5f8b
Step 2/17 : COPY . /app
 ---> d63edc678bc7
Removing intermediate container 1b78915d4b49
Step 3/17 : WORKDIR /app/src/Publishing.Server
 ---> b76897f1cde2
Removing intermediate container f4d219c18488
Step 4/17 : RUN mkdir -p /app/tmp
 ---> Running in f1b09cb5f41b
 ---> 9fa378d238fd
Removing intermediate container f1b09cb5f41b
Step 5/17 : RUN chmod 755 /app/tmp
 ---> Running in b4c3cf4d8c0d
 ---> 6fc108f1ef72
Removing intermediate container b4c3cf4d8c0d
Step 6/17 : RUN mkdir /var/buildserverssh &&     chmod -R ugo+rw /var/buildserverssh
 ---> Running in 0b681129a230
 ---> 2630975d3f06
Removing intermediate container 0b681129a230
Step 7/17 : COPY /docker/BuildServer/ssh/id_rsa /var/buildserverssh
 ---> 1bfa8b1e8928
Removing intermediate container 41b313de8830
Step 8/17 : RUN mkdir -p /home/.ssh
 ---> Running in 758fa93cc324
 ---> 37d9d1120f12
Removing intermediate container 758fa93cc324
Step 9/17 : RUN chmod 755 /home/.ssh
 ---> Running in 10fc98fb28aa
 ---> 2f3da89b827b
Removing intermediate container 10fc98fb28aa
Step 10/17 : COPY /docker/id_rsa /home/.ssh
 ---> 6b8d7b8907b7
Removing intermediate container 670841fa3430
Step 11/17 : RUN chmod 700 /home/.ssh/id_rsa
 ---> Running in df9989cd787b
 ---> 34054b848ee9
Removing intermediate container df9989cd787b
Step 12/17 : RUN dotnet restore
 ---> Running in 3943be9ed18e
/usr/share/dotnet/sdk/2.0.0/NuGet.targets(782,5): warning MSB3202: The project file "/app/libs/KunaiSSH.NET/src/Renci.SshNe
t.NETCore/Renci.SshNet.NETCore.csproj" was not found. [/app/src/Publishing.Services/Publishing.Services.csproj]
/usr/share/dotnet/sdk/2.0.0/NuGet.targets(846,5): warning MSB3202: The project file "/app/libs/KunaiSSH.NET/src/Renci.SshNe
t.NETCore/Renci.SshNet.NETCore.csproj" was not found. [/app/src/Publishing.Server/Publishing.Server.csproj]
  Restoring packages for /app/libs/BlinkSyncLib/Source/BlinkSyncLib/BlinkSyncLib.csproj...
  Generating MSBuild file /app/libs/BlinkSyncLib/Source/BlinkSyncLib/obj/BlinkSyncLib.csproj.nuget.g.props.
  Generating MSBuild file /app/libs/BlinkSyncLib/Source/BlinkSyncLib/obj/BlinkSyncLib.csproj.nuget.g.targets.
  Restore completed in 128.64 ms for /app/libs/BlinkSyncLib/Source/BlinkSyncLib/BlinkSyncLib.csproj.
  Restoring packages for /app/src/Publishing.Abstractions/Publishing.Abstractions.csproj...
  Restoring packages for /app/libs/Octokit/Octokit.csproj...
  Generating MSBuild file /app/libs/Octokit/obj/Octokit.csproj.nuget.g.props.
  Generating MSBuild file /app/libs/Octokit/obj/Octokit.csproj.nuget.g.targets.
  Restore completed in 11.29 ms for /app/libs/Octokit/Octokit.csproj.
  Restoring packages for /app/src/Publishing.Activity.Notifications/Publishing.Activity.Notifications.csproj...
  Installing StyleCop.Analyzers 1.1.0-beta001.
  Generating MSBuild file /app/src/Publishing.Abstractions/obj/Publishing.Abstractions.csproj.nuget.g.props.
  Generating MSBuild file /app/src/Publishing.Abstractions/obj/Publishing.Abstractions.csproj.nuget.g.targets.
  Restore completed in 1.47 sec for /app/src/Publishing.Abstractions/Publishing.Abstractions.csproj.
  Restoring packages for /app/src/Publishing.Activity.PushKallitheaToGithub/Publishing.Activity.PushKallitheaToGithub.cspro
j...
  Installing System.Threading.Overlapped 4.3.0.
  Installing MimeKit 1.16.1.
  Installing Portable.BouncyCastle 1.8.1.2.
  Installing System.Net.NetworkInformation 4.3.0.
  Installing System.Data.Common 4.3.0.
  Installing Microsoft.Extensions.Logging.Abstractions 1.0.0.
  Installing Serilog 2.3.0.
  Installing Npgsql 3.2.5.
  Installing MailKit 1.16.1.
  Installing Serilog.Extensions.Logging 1.4.0.
  Installing Npgsql.EntityFrameworkCore.PostgreSQL 2.0.0.
  Installing Newtonsoft.Json 10.0.2.
  Installing StackExchange.Redis.StrongName 1.2.6.
  Installing NATS.Client 0.7.1.
  Installing Handlebars.NetStandard 1.8.1.
  Generating MSBuild file /app/src/Publishing.Activity.PushKallitheaToGithub/obj/Publishing.Activity.PushKallitheaToGithub.
csproj.nuget.g.props.
  Generating MSBuild file /app/src/Publishing.Activity.PushKallitheaToGithub/obj/Publishing.Activity.PushKallitheaToGithub.
csproj.nuget.g.targets.
  Restore completed in 4.05 sec for /app/src/Publishing.Activity.PushKallitheaToGithub/Publishing.Activity.PushKallitheaToG
ithub.csproj.
  Restoring packages for /app/src/Publishing.Activity.Releases/Publishing.Activity.Releases.csproj...
  Installing runtime.win7-x64.runtime.native.System.Data.SqlClient.sni 4.0.1.
  Installing runtime.win7-x86.runtime.native.System.Data.SqlClient.sni 4.0.1.
  Installing runtime.native.System.Net.Security 4.0.1.
  Installing System.Security.Claims 4.0.1.
  Installing Microsoft.Win32.Registry 4.3.0.
  Installing runtime.native.System.Data.SqlClient.sni 4.0.0.
  Installing System.Net.Security 4.0.0.
  Installing System.Security.Principal.Windows 4.0.0.
  Installing System.Net.NameResolution 4.0.0.
  Installing System.Data.Common 4.1.0.
  Installing Microsoft.NETCore.Jit 1.0.2.
  Installing Microsoft.NETCore.Windows.ApiSets 1.0.1.
  Installing System.Diagnostics.Process 4.3.0.
  Installing System.Data.SqlClient 4.1.0.
  Installing Microsoft.NETCore.Runtime.CoreCLR 1.0.2.
  Installing Npgsql 3.2.2.
  Installing Dapper 1.50.2.
  Installing Microsoft.NETCore.Portable.Compatibility 1.0.1.
  Installing Hangfire.PostgreSql 1.4.8.1.
  Installing Hangfire.Core 1.6.14.
  Installing DotNet.Glob 1.6.0.
  Generating MSBuild file /app/src/Publishing.Activity.Releases/obj/Publishing.Activity.Releases.csproj.nuget.g.props.
  Generating MSBuild file /app/src/Publishing.Activity.Releases/obj/Publishing.Activity.Releases.csproj.nuget.g.targets.
  Restore completed in 1.72 sec for /app/src/Publishing.Activity.Releases/Publishing.Activity.Releases.csproj.
  Restoring packages for /app/src/Publishing.Activity.SendSlackMessage/Publishing.Activity.SendSlackMessage.csproj...
  Generating MSBuild file /app/src/Publishing.Activity.SendSlackMessage/obj/Publishing.Activity.SendSlackMessage.csproj.nug
et.g.props.
  Generating MSBuild file /app/src/Publishing.Activity.SendSlackMessage/obj/Publishing.Activity.SendSlackMessage.csproj.nug
et.g.targets.
  Restore completed in 471.96 ms for /app/src/Publishing.Activity.SendSlackMessage/Publishing.Activity.SendSlackMessage.csp
roj.
  Restoring packages for /app/src/Publishing.Activity.SourceCodeHosting/Publishing.Activity.SourceCodeHosting.csproj...
  Generating MSBuild file /app/src/Publishing.Activity.SourceCodeHosting/obj/Publishing.Activity.SourceCodeHosting.csproj.n
uget.g.props.
  Generating MSBuild file /app/src/Publishing.Activity.SourceCodeHosting/obj/Publishing.Activity.SourceCodeHosting.csproj.n
uget.g.targets.
  Restore completed in 309.16 ms for /app/src/Publishing.Activity.SourceCodeHosting/Publishing.Activity.SourceCodeHosting.c
sproj.
  Restoring packages for /app/src/Publishing.Activity.Subscriptions/Publishing.Activity.Subscriptions.csproj...
  Generating MSBuild file /app/src/Publishing.Activity.Subscriptions/obj/Publishing.Activity.Subscriptions.csproj.nuget.g.p
rops.
  Generating MSBuild file /app/src/Publishing.Activity.Subscriptions/obj/Publishing.Activity.Subscriptions.csproj.nuget.g.t
argets.
  Restore completed in 448.08 ms for /app/src/Publishing.Activity.Subscriptions/Publishing.Activity.Subscriptions.csproj.
  Restoring packages for /app/src/Publishing.Activity.WriteToLog/Publishing.Activity.WriteToLog.csproj...
  Generating MSBuild file /app/src/Publishing.Activity.WriteToLog/obj/Publishing.Activity.WriteToLog.csproj.nuget.g.props.
  Generating MSBuild file /app/src/Publishing.Activity.WriteToLog/obj/Publishing.Activity.WriteToLog.csproj.nuget.g.targets
.
  Restore completed in 5.53 ms for /app/src/Publishing.Activity.WriteToLog/Publishing.Activity.WriteToLog.csproj.
  Restoring packages for /app/src/Publishing.Engine/Publishing.Engine.csproj...
  Generating MSBuild file /app/src/Publishing.Engine/obj/Publishing.Engine.csproj.nuget.g.props.
  Generating MSBuild file /app/src/Publishing.Engine/obj/Publishing.Engine.csproj.nuget.g.targets.
  Restore completed in 361.8 ms for /app/src/Publishing.Engine/Publishing.Engine.csproj.
  Restoring packages for /app/src/Publishing.Server/Publishing.Server.csproj...
  Generating MSBuild file /app/src/Publishing.Activity.Notifications/obj/Publishing.Activity.Notifications.csproj.nuget.g.p
rops.
  Generating MSBuild file /app/src/Publishing.Activity.Notifications/obj/Publishing.Activity.Notifications.csproj.nuget.g.t
argets.
  Restore completed in 9.31 sec for /app/src/Publishing.Activity.Notifications/Publishing.Activity.Notifications.csproj.
  Restoring packages for /app/src/Publishing.Services/Publishing.Services.csproj...
  Generating MSBuild file /app/src/Publishing.Services/obj/Publishing.Services.csproj.nuget.g.props.
  Generating MSBuild file /app/src/Publishing.Services/obj/Publishing.Services.csproj.nuget.g.targets.
  Restore completed in 346.77 ms for /app/src/Publishing.Services/Publishing.Services.csproj.
  Restoring packages for /app/src/Publishing.Server/Publishing.Server.csproj...
  Restore completed in 17.24 ms for /app/src/Publishing.Server/Publishing.Server.csproj.
  Restoring packages for /app/src/Publishing.Services/Publishing.Services.csproj...
  Restore completed in 123.03 ms for /app/src/Publishing.Services/Publishing.Services.csproj.
  Restoring packages for /app/src/Publishing.Server/Publishing.Server.csproj...
  Restore completed in 96.4 ms for /app/src/Publishing.Server/Publishing.Server.csproj.
  Installing Microsoft.DotNet.InternalAbstractions 1.0.0.
  Installing Microsoft.Extensions.Primitives 1.0.0.
  Installing Microsoft.Extensions.DependencyModel 1.0.0.
  Installing Microsoft.Extensions.Configuration.Abstractions 1.0.0.
  Installing Serilog.Sinks.File 3.2.0.
  Installing Serilog.Settings.Configuration 2.4.0.
  Installing Serilog.Sinks.RollingFile 3.3.0.
  Installing Serilog.Sinks.Literate 2.1.0.
  Installing Serilog 2.4.0.
  Generating MSBuild file /app/src/Publishing.Server/obj/Publishing.Server.csproj.nuget.g.props.
  Generating MSBuild file /app/src/Publishing.Server/obj/Publishing.Server.csproj.nuget.g.targets.
  Restore completed in 4.08 sec for /app/src/Publishing.Server/Publishing.Server.csproj.
 ---> 69228158f714
Removing intermediate container 3943be9ed18e
Step 13/17 : RUN dotnet build
 ---> Running in 32d3634f3781
/usr/share/dotnet/sdk/2.0.0/NuGet.targets(782,5): warning MSB3202: The project file "/app/libs/KunaiSSH.NET/src/Renci.SshNe
t.NETCore/Renci.SshNet.NETCore.csproj" was not found. [/app/src/Publishing.Services/Publishing.Services.csproj]
/usr/share/dotnet/sdk/2.0.0/NuGet.targets(846,5): warning MSB3202: The project file "/app/libs/KunaiSSH.NET/src/Renci.SshNe
t.NETCore/Renci.SshNet.NETCore.csproj" was not found. [/app/src/Publishing.Server/Publishing.Server.csproj]
Microsoft (R) Build Engine version 15.3.409.57025 for .NET Core
Copyright (C) Microsoft Corporation. All rights reserved.

  Publishing.Abstractions -> /app/src/Publishing.Abstractions/bin/Debug/netstandard2.0/Publishing.Abstractions.dll
  BlinkSyncLib -> /app/libs/BlinkSyncLib/Source/BlinkSyncLib/bin/Debug/netstandard2.0/BlinkSyncLib.dll
  Octokit -> /app/libs/Octokit/bin/Debug/netstandard2.0/Octokit.dll
  Publishing.Activity.WriteToLog -> /app/src/Publishing.Activity.WriteToLog/bin/Debug/netstandard2.0/Publishing.Activity.Wr
iteToLog.dll
/usr/share/dotnet/sdk/2.0.0/Microsoft.Common.CurrentVersion.targets(1767,5): warning : The referenced project '../../libs/K
unaiSSH.NET/src/Renci.SshNet.NETCore/Renci.SshNet.NETCore.csproj' does not exist. [/app/src/Publishing.Services/Publishing.
Services.csproj]
Files/IRenciConnectionInfoBuilder.cs(1,7): error CS0246: The type or namespace name 'Renci' could not be found (are you mis
sing a using directive or an assembly reference?) [/app/src/Publishing.Services/Publishing.Services.csproj]
Files/RenciConnectionInfoBuilder.cs(4,7): error CS0246: The type or namespace name 'Renci' could not be found (are you miss
ing a using directive or an assembly reference?) [/app/src/Publishing.Services/Publishing.Services.csproj]
Files/Sftp/SftpClient.cs(7,7): error CS0246: The type or namespace name 'Renci' could not be found (are you missing a using
 directive or an assembly reference?) [/app/src/Publishing.Services/Publishing.Services.csproj]
Shell/ShellClient.cs(7,7): error CS0246: The type or namespace name 'Renci' could not be found (are you missing a using dir
ective or an assembly reference?) [/app/src/Publishing.Services/Publishing.Services.csproj]
Shell/ShellClient.cs(194,34): error CS0246: The type or namespace name 'ShellStream' could not be found (are you missing a
using directive or an assembly reference?) [/app/src/Publishing.Services/Publishing.Services.csproj]
Shell/ShellClient.cs(13,31): error CS0246: The type or namespace name 'AuthenticationMethod' could not be found (are you mi
ssing a using directive or an assembly reference?) [/app/src/Publishing.Services/Publishing.Services.csproj]
Shell/ShellClient.cs(14,26): error CS0246: The type or namespace name 'SshClient' could not be found (are you missing a usi
ng directive or an assembly reference?) [/app/src/Publishing.Services/Publishing.Services.csproj]
Shell/ShellClient.cs(18,17): error CS0246: The type or namespace name 'ShellStream' could not be found (are you missing a u
sing directive or an assembly reference?) [/app/src/Publishing.Services/Publishing.Services.csproj]
Ssh/SshClient.cs(11,9): error CS0246: The type or namespace name 'Renci' could not be found (are you missing a using direct
ive or an assembly reference?) [/app/src/Publishing.Services/Publishing.Services.csproj]
Files/IRenciConnectionInfoBuilder.cs(7,9): error CS0246: The type or namespace name 'ConnectionInfo' could not be found (ar
e you missing a using directive or an assembly reference?) [/app/src/Publishing.Services/Publishing.Services.csproj]
Files/RenciConnectionInfoBuilder.cs(17,16): error CS0246: The type or namespace name 'ConnectionInfo' could not be found (a
re you missing a using directive or an assembly reference?) [/app/src/Publishing.Services/Publishing.Services.csproj]
Files/Sftp/SftpClient.cs(16,9): error CS0246: The type or namespace name 'Renci' could not be found (are you missing a usin
g directive or an assembly reference?) [/app/src/Publishing.Services/Publishing.Services.csproj]

Build FAILED.

/usr/share/dotnet/sdk/2.0.0/Microsoft.Common.CurrentVersion.targets(1767,5): warning : The referenced project '../../libs/K
unaiSSH.NET/src/Renci.SshNet.NETCore/Renci.SshNet.NETCore.csproj' does not exist. [/app/src/Publishing.Services/Publishing.
Services.csproj]
Files/IRenciConnectionInfoBuilder.cs(1,7): error CS0246: The type or namespace name 'Renci' could not be found (are you mis
sing a using directive or an assembly reference?) [/app/src/Publishing.Services/Publishing.Services.csproj]
Files/RenciConnectionInfoBuilder.cs(4,7): error CS0246: The type or namespace name 'Renci' could not be found (are you miss
ing a using directive or an assembly reference?) [/app/src/Publishing.Services/Publishing.Services.csproj]
Files/Sftp/SftpClient.cs(7,7): error CS0246: The type or namespace name 'Renci' could not be found (are you missing a using
 directive or an assembly reference?) [/app/src/Publishing.Services/Publishing.Services.csproj]
Shell/ShellClient.cs(7,7): error CS0246: The type or namespace name 'Renci' could not be found (are you missing a using dir
ective or an assembly reference?) [/app/src/Publishing.Services/Publishing.Services.csproj]
Shell/ShellClient.cs(194,34): error CS0246: The type or namespace name 'ShellStream' could not be found (are you missing a
using directive or an assembly reference?) [/app/src/Publishing.Services/Publishing.Services.csproj]
Shell/ShellClient.cs(13,31): error CS0246: The type or namespace name 'AuthenticationMethod' could not be found (are you mi
ssing a using directive or an assembly reference?) [/app/src/Publishing.Services/Publishing.Services.csproj]
Shell/ShellClient.cs(14,26): error CS0246: The type or namespace name 'SshClient' could not be found (are you missing a usi
ng directive or an assembly reference?) [/app/src/Publishing.Services/Publishing.Services.csproj]
Shell/ShellClient.cs(18,17): error CS0246: The type or namespace name 'ShellStream' could not be found (are you missing a u
sing directive or an assembly reference?) [/app/src/Publishing.Services/Publishing.Services.csproj]
Ssh/SshClient.cs(11,9): error CS0246: The type or namespace name 'Renci' could not be found (are you missing a using direct
ive or an assembly reference?) [/app/src/Publishing.Services/Publishing.Services.csproj]
Files/IRenciConnectionInfoBuilder.cs(7,9): error CS0246: The type or namespace name 'ConnectionInfo' could not be found (ar
e you missing a using directive or an assembly reference?) [/app/src/Publishing.Services/Publishing.Services.csproj]
Files/RenciConnectionInfoBuilder.cs(17,16): error CS0246: The type or namespace name 'ConnectionInfo' could not be found (a
re you missing a using directive or an assembly reference?) [/app/src/Publishing.Services/Publishing.Services.csproj]
Files/Sftp/SftpClient.cs(16,9): error CS0246: The type or namespace name 'Renci' could not be found (are you missing a usin
g directive or an assembly reference?) [/app/src/Publishing.Services/Publishing.Services.csproj]
    1 Warning(s)
    12 Error(s)

Time Elapsed 00:00:17.63
ERROR: Service 'server' failed to build: The command '/bin/sh -c dotnet build' returned a non-zero code: 1
PS>$global:?
True
**********************
Windows PowerShell transcript end
End time: 20170828020558
**********************
