**********************
Windows PowerShell transcript start
Start time: 20170919020205
Username: HQ\jinxu
RunAs User: HQ\jinxu
Machine: CPH-WKS-0019 (Microsoft Windows NT 10.0.15063.0)
Host Application: powershell -encodedCommand IAAuAFwAXwByAHUAbgBLAHUAbgBhAGkARgByAG8AbgB0AGUAbgBkAC4AcABzADEAIAAtAGwAbwBnAGYAaQBsAGUAIABGAHIAbwBuAHQAZQBuAGQAMgAwADEANwAwADkAMQA5ADAAMgAwADAAMAAxAC4AbABvAGcAOwAgAHIAZQBhAGQALQBoAG8AcwB0AA== -inputFormat xml -outputFormat text
Process ID: 27940
PSVersion: 5.1.15063.608
PSEdition: Desktop
PSCompatibleVersions: 1.0, 2.0, 3.0, 4.0, 5.0, 5.1.15063.608
BuildVersion: 10.0.15063.608
CLRVersion: 4.0.30319.42000
WSManStackVersion: 3.0
PSRemotingProtocolVersion: 2.3
SerializationVersion: 1.1.0.1
**********************
Transcript started, output file is C:\Users\jinxu\Documents\GitHub\kunai\test\Log\Frontend20170919020001.log

kunai-frontend@0.1.0 C:\Users\jinxu\Documents\GitHub\kunai\master\frontend
+-- @angular/animations@4.4.2
+-- @angular/common@4.4.2
+-- @angular/compiler@4.4.2
+-- @angular/compiler-cli@4.4.2
+-- @angular/core@4.4.2
+-- @angular/forms@4.4.2
+-- @angular/http@4.4.2
+-- @angular/language-service@4.4.2
+-- @angular/platform-browser@4.4.2
+-- @angular/platform-browser-dynamic@4.4.2
`-- @angular/router@4.4.2

> kunai-frontend@0.1.0 prestart C:\Users\jinxu\Documents\GitHub\kunai\master\frontend
> npm run git-revision


> kunai-frontend@0.1.0 git-revision C:\Users\jinxu\Documents\GitHub\kunai\master\frontend
> node git-revision.js

wrote git revision info to file: ./src/git-revision.json

> kunai-frontend@0.1.0 start C:\Users\jinxu\Documents\GitHub\kunai\master\frontend
> ng serve

** NG Live Development Server is listening on localhost:4200, open your browser on http://localhost:4200/ **
Date: 2017-09-19T00:03:43.085Z
Hash: 0348d3817033f489620d
Time: 29136ms
chunk {inline} inline.bundle.js, inline.bundle.js.map (inline) 5.83 kB [entry] [rendered]
chunk {main} main.bundle.js, main.bundle.js.map (main) 564 kB {vendor} [initial] [rendered]
chunk {styles} styles.bundle.js, styles.bundle.js.map (styles) 661 kB {inline} [initial] [rendered]
chunk {vendor} vendor.bundle.js, vendor.bundle.js.map (vendor) 3.63 MB [initial] [rendered]

webpack: Compiled successfully.
webpack: Compiling...
Date: 2017-09-19T00:03:44.962Z
Hash: 8b2af633027c36426b42
Time: 1103ms
chunk {inline} inline.bundle.js, inline.bundle.js.map (inline) 5.83 kB [entry]
chunk {main} main.bundle.js, main.bundle.js.map (main) 564 kB {vendor} [initial]
chunk {styles} styles.bundle.js, styles.bundle.js.map (styles) 661 kB {inline} [initial]
chunk {vendor} vendor.bundle.js, vendor.bundle.js.map (vendor) 3.63 MB [initial]

webpack: Compiled successfully.
**********************
Windows PowerShell transcript end
End time: 20170919022605
**********************
